<?xml version="1.0" encoding="UTF-8"?>
<testng-results skipped="0" failed="0" total="2" passed="2">
  <reporter-output>
  </reporter-output>
  <suite name="Default suite" duration-ms="24" started-at="2014-08-05T10:22:20Z" finished-at="2014-08-05T10:22:20Z">
    <groups>
    </groups>
    <test name="Default test" duration-ms="24" started-at="2014-08-05T10:22:20Z" finished-at="2014-08-05T10:22:20Z">
      <class name="com.psl.mainclasses.test">
        <test-method status="PASS" signature="testDataProcvider(java.lang.String, java.lang.String)[pri:0, instance:com.psl.mainclasses.test@7057737a]" name="testDataProcvider" duration-ms="10" started-at="2014-08-05T15:52:20Z" data-provider="setData" finished-at="2014-08-05T15:52:20Z">
          <params>
            <param index="0">
              <value>
                <![CDATA[abc]]>
              </value>
            </param>
            <param index="1">
              <value>
                <![CDATA[amit]]>
              </value>
            </param>
          </params>
          <reporter-output>
          </reporter-output>
        </test-method> <!-- testDataProcvider -->
        <test-method status="PASS" signature="testDataProcvider(java.lang.String, java.lang.String)[pri:0, instance:com.psl.mainclasses.test@7057737a]" name="testDataProcvider" duration-ms="1" started-at="2014-08-05T15:52:20Z" data-provider="setData" finished-at="2014-08-05T15:52:20Z">
          <params>
            <param index="0">
              <value>
                <![CDATA[xyz]]>
              </value>
            </param>
            <param index="1">
              <value>
                <![CDATA[Amit34]]>
              </value>
            </param>
          </params>
          <reporter-output>
          </reporter-output>
        </test-method> <!-- testDataProcvider -->
      </class> <!-- com.psl.mainclasses.test -->
    </test> <!-- Default test -->
  </suite> <!-- Default suite -->
</testng-results>
